c:\users\kuzgk\desktop\btgame1\debug\vc142.pdb
c:\users\kuzgk\desktop\btgame1\debug\vc142.idb
c:\users\kuzgk\desktop\btgame1\debug\main.obj
c:\users\kuzgk\desktop\btgame1\debug\gameobject.obj
c:\users\kuzgk\desktop\btgame1\debug\game.obj
c:\users\kuzgk\desktop\btgame1\debug\debug.obj
d:\btgame1\debug\vc142.pdb
d:\btgame1\debug\vc142.idb
d:\btgame1\debug\main.obj
d:\btgame1\debug\gameobject.obj
d:\btgame1\debug\game.obj
d:\btgame1\debug\debug.obj
c:\users\kuzgk\desktop\btgame1\debug\btgame1.exe
c:\users\kuzgk\desktop\btgame1\debug\btgame1.ilk
c:\users\kuzgk\desktop\btgame1\debug\btgame1.pdb
d:\btgame1\debug\btgame1.pdb
d:\btgame1\debug\btgame1.tlog\cl.command.1.tlog
d:\btgame1\debug\btgame1.tlog\cl.read.1.tlog
d:\btgame1\debug\btgame1.tlog\cl.write.1.tlog
d:\btgame1\debug\btgame1.tlog\link.14268-cvtres.read.1.tlog
d:\btgame1\debug\btgame1.tlog\link.14268-cvtres.write.1.tlog
d:\btgame1\debug\btgame1.tlog\link.14268-rc.read.1.tlog
d:\btgame1\debug\btgame1.tlog\link.14268-rc.write.1.tlog
d:\btgame1\debug\btgame1.tlog\link.14268.read.1.tlog
d:\btgame1\debug\btgame1.tlog\link.14268.write.1.tlog
d:\btgame1\debug\btgame1.tlog\link.command.1.tlog
d:\btgame1\debug\btgame1.tlog\link.read.1.tlog
d:\btgame1\debug\btgame1.tlog\link.write.1.tlog
